<?xml version="1.0" encoding="UTF-8"?>
<!-- Generated by org.testng.reporters.JUnitReportReporter -->
<testsuite hostname="Tonnies-MBP" failures="0" tests="1" name="TestRunner" time="40.688" errors="0" timestamp="2022-11-12T19:33:02 EST" skipped="0">
  <testcase classname="TestRunner" name="runScenario" time="40.688"/>
  <system-out/>
</testsuite> <!-- TestRunner -->
